<?xml version="1.0" encoding="UTF-8"?>
<!-- Generated by org.testng.reporters.JUnitReportReporter -->
<testsuite hostname="DESKTOP-9AO0HFK" failures="0" tests="1" name="Test01_GET" time="2.188" errors="0" timestamp="2020-12-17T00:46:36 IST" skipped="0">
  <testcase classname="Test01_GET" name="test_01" time="2.188"/>
  <system-out/>
</testsuite> <!-- Test01_GET -->
